{
    "level": "ERROR",
    "message": "APPLICATION_ERROR",
    "timestamp": "2025-04-28T17:04:37.310Z",
    "meta": {}
}
{
    "level": "INFO",
    "message": "DATABASE_CONNECTION",
    "timestamp": "2025-04-28T17:04:49.584Z",
    "meta": {
        "CONNECTION_NAME": "MongoDB"
    }
}
{
    "level": "INFO",
    "message": "DATABASE_CONNECTION",
    "timestamp": "2025-04-28T17:06:31.753Z",
    "meta": {
        "CONNECTION_NAME": "MongoDB"
    }
}
{
    "level": "INFO",
    "message": "RATE_LIMITER_INITIATED",
    "timestamp": "2025-04-28T17:06:31.759Z",
    "meta": {}
}
{
    "level": "INFO",
    "message": "APPLICATION_STARTED",
    "timestamp": "2025-04-28T17:06:31.760Z",
    "meta": {
        "PORT": "5000",
        "SERVER_URL": "http://localhost:5000"
    }
}
{
    "level": "INFO",
    "message": "DATABASE_CONNECTION",
    "timestamp": "2025-04-28T17:06:44.806Z",
    "meta": {
        "CONNECTION_NAME": "MongoDB"
    }
}
{
    "level": "INFO",
    "message": "RATE_LIMITER_INITIATED",
    "timestamp": "2025-04-28T17:06:44.812Z",
    "meta": {}
}
{
    "level": "INFO",
    "message": "APPLICATION_STARTED",
    "timestamp": "2025-04-28T17:06:44.813Z",
    "meta": {
        "PORT": "5000",
        "SERVER_URL": "http://localhost:5000"
    }
}
{
    "level": "INFO",
    "message": "DATABASE_CONNECTION",
    "timestamp": "2025-04-28T17:07:46.602Z",
    "meta": {
        "CONNECTION_NAME": "MongoDB"
    }
}
{
    "level": "INFO",
    "message": "RATE_LIMITER_INITIATED",
    "timestamp": "2025-04-28T17:07:46.607Z",
    "meta": {}
}
{
    "level": "INFO",
    "message": "APPLICATION_STARTED",
    "timestamp": "2025-04-28T17:07:46.608Z",
    "meta": {
        "PORT": "5000",
        "SERVER_URL": "http://localhost:5000"
    }
}
{
    "level": "ERROR",
    "message": "APPLICATION_ERROR",
    "timestamp": "2025-04-28T17:08:24.852Z",
    "meta": {
        "name": "PrismaClientValidationError",
        "clientVersion": "6.6.0"
    }
}
{
    "level": "INFO",
    "message": "DATABASE_CONNECTION",
    "timestamp": "2025-04-28T17:08:44.478Z",
    "meta": {
        "CONNECTION_NAME": "MongoDB"
    }
}
{
    "level": "INFO",
    "message": "RATE_LIMITER_INITIATED",
    "timestamp": "2025-04-28T17:08:44.484Z",
    "meta": {}
}
{
    "level": "INFO",
    "message": "APPLICATION_STARTED",
    "timestamp": "2025-04-28T17:08:44.485Z",
    "meta": {
        "PORT": "5000",
        "SERVER_URL": "http://localhost:5000"
    }
}
{
    "level": "ERROR",
    "message": "APPLICATION_ERROR",
    "timestamp": "2025-04-28T17:08:53.335Z",
    "meta": {
        "code": "P2002",
        "meta": {
            "modelName": "User",
            "target": "User_email_key"
        },
        "clientVersion": "6.6.0",
        "name": "PrismaClientKnownRequestError"
    }
}
{
    "level": "INFO",
    "message": "DATABASE_CONNECTION",
    "timestamp": "2025-04-28T17:09:14.679Z",
    "meta": {
        "CONNECTION_NAME": "MongoDB"
    }
}
{
    "level": "INFO",
    "message": "RATE_LIMITER_INITIATED",
    "timestamp": "2025-04-28T17:09:14.685Z",
    "meta": {}
}
{
    "level": "INFO",
    "message": "APPLICATION_STARTED",
    "timestamp": "2025-04-28T17:09:14.686Z",
    "meta": {
        "PORT": "5000",
        "SERVER_URL": "http://localhost:5000"
    }
}
{
    "level": "INFO",
    "message": "DATABASE_CONNECTION",
    "timestamp": "2025-04-28T17:10:12.320Z",
    "meta": {
        "CONNECTION_NAME": "MongoDB"
    }
}
{
    "level": "INFO",
    "message": "RATE_LIMITER_INITIATED",
    "timestamp": "2025-04-28T17:10:12.326Z",
    "meta": {}
}
{
    "level": "INFO",
    "message": "APPLICATION_STARTED",
    "timestamp": "2025-04-28T17:10:12.326Z",
    "meta": {
        "PORT": "5000",
        "SERVER_URL": "http://localhost:5000"
    }
}
{
    "level": "INFO",
    "message": "DATABASE_CONNECTION",
    "timestamp": "2025-04-28T17:10:55.007Z",
    "meta": {
        "CONNECTION_NAME": "MongoDB"
    }
}
{
    "level": "INFO",
    "message": "DATABASE_CONNECTION",
    "timestamp": "2025-04-28T17:11:07.053Z",
    "meta": {
        "CONNECTION_NAME": "MongoDB"
    }
}
{
    "level": "INFO",
    "message": "RATE_LIMITER_INITIATED",
    "timestamp": "2025-04-28T17:11:07.059Z",
    "meta": {}
}
{
    "level": "INFO",
    "message": "APPLICATION_STARTED",
    "timestamp": "2025-04-28T17:11:07.060Z",
    "meta": {
        "PORT": "5000",
        "SERVER_URL": "http://localhost:5000"
    }
}
